<?xml version="1.0" encoding="UTF-8"?>
<!-- Generated by org.testng.reporters.JUnitReportReporter -->
<testsuite hostname="tomsaja" failures="0" tests="1" name="com.flipkart.tests.FlipkartTest" time="25.401" errors="0" timestamp="19 Nov 2018 13:30:23 GMT" skipped="0">
  <testcase classname="com.flipkart.tests.FlipkartTest" name="flipKart" time="25.401"/>
</testsuite> <!-- com.flipkart.tests.FlipkartTest -->
